Determining if the pthread_create exist failed with the following output:
Change Dir: /home/zrxlovedjl/cvwspitc/build/CMakeFiles/CMakeTmp

Run Build Command:"/usr/bin/make" "cmTryCompileExec4020517222/fast"
/usr/bin/make -f CMakeFiles/cmTryCompileExec4020517222.dir/build.make CMakeFiles/cmTryCompileExec4020517222.dir/build
make[1]: Entering directory `/home/zrxlovedjl/cvwspitc/build/CMakeFiles/CMakeTmp'
/usr/bin/cmake -E cmake_progress_report /home/zrxlovedjl/cvwspitc/build/CMakeFiles/CMakeTmp/CMakeFiles 1
Building C object CMakeFiles/cmTryCompileExec4020517222.dir/CheckSymbolExists.c.o
/usr/bin/cc    -o CMakeFiles/cmTryCompileExec4020517222.dir/CheckSymbolExists.c.o   -c /home/zrxlovedjl/cvwspitc/build/CMakeFiles/CMakeTmp/CheckSymbolExists.c
Linking C executable cmTryCompileExec4020517222
/usr/bin/cmake -E cmake_link_script CMakeFiles/cmTryCompileExec4020517222.dir/link.txt --verbose=1
/usr/bin/cc       CMakeFiles/cmTryCompileExec4020517222.dir/CheckSymbolExists.c.o  -o cmTryCompileExec4020517222 -rdynamic 
CMakeFiles/cmTryCompileExec4020517222.dir/CheckSymbolExists.c.o: In function `main':
CheckSymbolExists.c:(.text+0x16): undefined reference to `pthread_create'
collect2: error: ld returned 1 exit status
make[1]: Leaving directory `/home/zrxlovedjl/cvwspitc/build/CMakeFiles/CMakeTmp'
make[1]: *** [cmTryCompileExec4020517222] Error 1
make: *** [cmTryCompileExec4020517222/fast] Error 2

File /home/zrxlovedjl/cvwspitc/build/CMakeFiles/CMakeTmp/CheckSymbolExists.c:
/* */
#include <pthread.h>

int main(int argc, char** argv)
{
  (void)argv;
#ifndef pthread_create
  return ((int*)(&pthread_create))[argc];
#else
  (void)argc;
  return 0;
#endif
}

Determining if the function pthread_create exists in the pthreads failed with the following output:
Change Dir: /home/zrxlovedjl/cvwspitc/build/CMakeFiles/CMakeTmp

Run Build Command:"/usr/bin/make" "cmTryCompileExec2040770086/fast"
/usr/bin/make -f CMakeFiles/cmTryCompileExec2040770086.dir/build.make CMakeFiles/cmTryCompileExec2040770086.dir/build
make[1]: Entering directory `/home/zrxlovedjl/cvwspitc/build/CMakeFiles/CMakeTmp'
/usr/bin/cmake -E cmake_progress_report /home/zrxlovedjl/cvwspitc/build/CMakeFiles/CMakeTmp/CMakeFiles 1
Building C object CMakeFiles/cmTryCompileExec2040770086.dir/CheckFunctionExists.c.o
/usr/bin/cc   -DCHECK_FUNCTION_EXISTS=pthread_create   -o CMakeFiles/cmTryCompileExec2040770086.dir/CheckFunctionExists.c.o   -c /usr/share/cmake-3.2/Modules/CheckFunctionExists.c
Linking C executable cmTryCompileExec2040770086
/usr/bin/cmake -E cmake_link_script CMakeFiles/cmTryCompileExec2040770086.dir/link.txt --verbose=1
/usr/bin/cc   -DCHECK_FUNCTION_EXISTS=pthread_create    CMakeFiles/cmTryCompileExec2040770086.dir/CheckFunctionExists.c.o  -o cmTryCompileExec2040770086 -rdynamic -lpthreads 
/usr/bin/ld: cannot find -lpthreads
collect2: error: ld returned 1 exit status
make[1]: *** [cmTryCompileExec2040770086] Error 1
make[1]: Leaving directory `/home/zrxlovedjl/cvwspitc/build/CMakeFiles/CMakeTmp'
make: *** [cmTryCompileExec2040770086/fast] Error 2


